
< 17-10-16 09:58:40 >==============================================
Device is Inserted On Driver : [Hub1 Port7] [VER:0, SN:6&263db468&0#{53]
   Device is Pullouted.

< 17-10-16 10:14:38 >==============================================
Device is Inserted On Driver : [Hub1 Port7] [VER:0, SN:6&263db468&0#{53]
   Begin the USB Task...
   Step 1 disable...
   Begin Step 2... Action: Write, Chip: RAM, Address: 0xF8002000, File: F:\work\item\7625\v032\program\Tools\G+CodePacker 1.0.9 Patch 001\USBMassProductionTool/code/gp15b_ispbin.bin
   Step 2 - Start Time : 2017/10/16 AM 10:14:42:02
   Step 2 - End Time : 2017/10/16 AM 10:14:42:09
   Step 2 ok! Spent Time: 0.0s
   Begin Step 3... Action: Jump to Function, Chip: RAM, Address: 0xF8002000
   Step 3 - Start Time : 2017/10/16 AM 10:14:42:09
   Step 3 - End Time : 2017/10/16 AM 10:14:42:10
   Step 3 ok! Spent Time: 0.16s
   Begin Step 4... Action: Erase, Chip: SPI Nor Flash, Address: 0x0000, Length: 40
   Step 4 - Start Time : 2017/10/16 AM 10:14:42:10
   Step 4 - End Time : 2017/10/16 AM 10:14:47:718
   Step 4 ok! Spent Time: 5.694s
   Begin Step 5... Action: Write, Chip: SPI Nor Flash, Address: 0x0000, File: F:\work\item\7625\v032\program\Tools/gpcv1248_spifc_pack_/cb_result.bin
   Step 5 - Start Time : 2017/10/16 AM 10:14:47:718
   Step 5 - End Time : 2017/10/16 AM 10:14:50:203
   Step 5 ok! Spent Time: 2.496s
   USB Task Finished! Spent Time: 8.206s
   Device is Pullouted.

< 17-10-16 10:18:29 >==============================================
Device is Inserted On Driver : [Hub1 Port7] [VER:0, SN:6&263db468&0#{53]
   Begin the USB Task...
   Step 1 disable...
   Begin Step 2... Action: Write, Chip: RAM, Address: 0xF8002000, File: F:\work\item\7625\v032\program\Tools\G+CodePacker 1.0.9 Patch 001\USBMassProductionTool/code/gp15b_ispbin.bin
   Step 2 - Start Time : 2017/10/16 AM 10:18:34:615
   Step 2 - End Time : 2017/10/16 AM 10:18:34:622
   Step 2 ok! Spent Time: 0.0s
   Begin Step 3... Action: Jump to Function, Chip: RAM, Address: 0xF8002000
   Step 3 - Start Time : 2017/10/16 AM 10:18:34:622
   Step 3 - End Time : 2017/10/16 AM 10:18:34:622
   Step 3 ok! Spent Time: 0.0s
   Begin Step 4... Action: Erase, Chip: SPI Nor Flash, Address: 0x0000, Length: 40
   Step 4 - Start Time : 2017/10/16 AM 10:18:34:623
   Step 4 - End Time : 2017/10/16 AM 10:18:40:241
   Step 4 ok! Spent Time: 5.616s
   Begin Step 5... Action: Write, Chip: SPI Nor Flash, Address: 0x0000, File: F:\work\item\7625\v032\program\Tools/gpcv1248_spifc_pack_/cb_result.bin
   Step 5 - Start Time : 2017/10/16 AM 10:18:40:241
   Step 5 - End Time : 2017/10/16 AM 10:18:42:726
   Step 5 ok! Spent Time: 2.480s
   USB Task Finished! Spent Time: 8.112s
   Device is Pullouted.

< 17-10-16 10:21:49 >==============================================
Device is Inserted On Driver : [Hub1 Port7] [VER:0, SN:6&263db468&0#{53]
   Begin the USB Task...
   Step 1 disable...
   Begin Step 2... Action: Write, Chip: RAM, Address: 0xF8002000, File: F:\work\item\7625\v032\program\Tools\G+CodePacker 1.0.9 Patch 001\USBMassProductionTool/code/gp15b_ispbin.bin
   Step 2 - Start Time : 2017/10/16 AM 10:21:52:689
   Step 2 - End Time : 2017/10/16 AM 10:21:52:695
   Step 2 ok! Spent Time: 0.0s
   Begin Step 3... Action: Jump to Function, Chip: RAM, Address: 0xF8002000
   Step 3 - Start Time : 2017/10/16 AM 10:21:52:696
   Step 3 - End Time : 2017/10/16 AM 10:21:52:696
   Step 3 ok! Spent Time: 0.0s
   Begin Step 4... Action: Erase, Chip: SPI Nor Flash, Address: 0x0000, Length: 40
   Step 4 - Start Time : 2017/10/16 AM 10:21:52:696
   Step 4 - End Time : 2017/10/16 AM 10:21:58:283
   Step 4 ok! Spent Time: 5.601s
   Begin Step 5... Action: Write, Chip: SPI Nor Flash, Address: 0x0000, File: F:\work\item\7625\v032\program\Tools/gpcv1248_spifc_pack_/cb_result.bin
   Step 5 - Start Time : 2017/10/16 AM 10:21:58:284
   Step 5 - End Time : 2017/10/16 AM 10:22:00:686
   Step 5 ok! Spent Time: 2.402s
   USB Task Finished! Spent Time: 8.3s
   Device is Pullouted.

< 17-10-16 10:29:30 >==============================================
Device is Inserted On Driver : [Hub1 Port7] [VER:0, SN:6&263db468&0#{53]
   Begin the USB Task...
   Step 1 disable...
   Begin Step 2... Action: Write, Chip: RAM, Address: 0xF8002000, File: F:\work\item\7625\v032\program\Tools\G+CodePacker 1.0.9 Patch 001\USBMassProductionTool/code/gp15b_ispbin.bin
   Step 2 - Start Time : 2017/10/16 AM 10:29:33:61
   Step 2 - End Time : 2017/10/16 AM 10:29:33:68
   Step 2 ok! Spent Time: 0.0s
   Begin Step 3... Action: Jump to Function, Chip: RAM, Address: 0xF8002000
   Step 3 - Start Time : 2017/10/16 AM 10:29:33:68
   Step 3 - End Time : 2017/10/16 AM 10:29:33:69
   Step 3 ok! Spent Time: 0.0s
   Begin Step 4... Action: Erase, Chip: SPI Nor Flash, Address: 0x0000, Length: 40
   Step 4 - Start Time : 2017/10/16 AM 10:29:33:69
   Step 4 - End Time : 2017/10/16 AM 10:29:38:582
   Step 4 ok! Spent Time: 5.522s
   Begin Step 5... Action: Write, Chip: SPI Nor Flash, Address: 0x0000, File: F:\work\item\7625\v032\program\Tools/gpcv1248_spifc_pack_/cb_result.bin
   Step 5 - Start Time : 2017/10/16 AM 10:29:38:582
   Step 5 - End Time : 2017/10/16 AM 10:29:41:73
   Step 5 ok! Spent Time: 2.481s
   USB Task Finished! Spent Time: 8.3s
   Device is Pullouted.

< 17-10-16 10:39:33 >==============================================
Device is Inserted On Driver : [Hub1 Port7] [VER:0, SN:6&263db468&0#{53]
   Begin the USB Task...
   Step 1 disable...
   Begin Step 2... Action: Write, Chip: RAM, Address: 0xF8002000, File: F:\work\item\7625\v032\program\Tools\G+CodePacker 1.0.9 Patch 001\USBMassProductionTool/code/gp15b_ispbin.bin
   Step 2 - Start Time : 2017/10/16 AM 10:39:37:133
   Step 2 - End Time : 2017/10/16 AM 10:39:37:140
   Step 2 ok! Spent Time: 0.16s
   Begin Step 3... Action: Jump to Function, Chip: RAM, Address: 0xF8002000
   Step 3 - Start Time : 2017/10/16 AM 10:39:37:140
   Step 3 - End Time : 2017/10/16 AM 10:39:37:140
   Step 3 ok! Spent Time: 0.0s
   Begin Step 4... Action: Erase, Chip: SPI Nor Flash, Address: 0x0000, Length: 40
   Step 4 - Start Time : 2017/10/16 AM 10:39:37:141
   Step 4 - End Time : 2017/10/16 AM 10:39:42:746
   Step 4 ok! Spent Time: 5.600s
   Begin Step 5... Action: Write, Chip: SPI Nor Flash, Address: 0x0000, File: F:\work\item\7625\v032\program\Tools/gpcv1248_spifc_pack_/cb_result.bin
   Step 5 - Start Time : 2017/10/16 AM 10:39:42:746
   Step 5 - End Time : 2017/10/16 AM 10:39:45:237
   Step 5 ok! Spent Time: 2.496s
   USB Task Finished! Spent Time: 8.112s
   Device is Pullouted.

< 17-10-16 10:48:14 >==============================================
Device is Inserted On Driver : [Hub1 Port7] [VER:0, SN:6&263db468&0#{53]
   Begin the USB Task...
   Step 1 disable...
   Begin Step 2... Action: Write, Chip: RAM, Address: 0xF8002000, File: F:\work\item\7625\v032\program\Tools\G+CodePacker 1.0.9 Patch 001\USBMassProductionTool/code/gp15b_ispbin.bin
   Step 2 - Start Time : 2017/10/16 AM 10:48:16:700
   Step 2 - End Time : 2017/10/16 AM 10:48:16:707
   Step 2 ok! Spent Time: 0.0s
   Begin Step 3... Action: Jump to Function, Chip: RAM, Address: 0xF8002000
   Step 3 - Start Time : 2017/10/16 AM 10:48:16:707
   Step 3 - End Time : 2017/10/16 AM 10:48:16:708
   Step 3 ok! Spent Time: 0.0s
   Begin Step 4... Action: Erase, Chip: SPI Nor Flash, Address: 0x0000, Length: 40
   Step 4 - Start Time : 2017/10/16 AM 10:48:16:708
   Step 4 - End Time : 2017/10/16 AM 10:48:22:296
   Step 4 ok! Spent Time: 5.585s
   Begin Step 5... Action: Write, Chip: SPI Nor Flash, Address: 0x0000, File: F:\work\item\7625\v032\program\Tools/gpcv1248_spifc_pack_/cb_result.bin
   Step 5 - Start Time : 2017/10/16 AM 10:48:22:297
   Step 5 - End Time : 2017/10/16 AM 10:48:24:789
   Step 5 ok! Spent Time: 2.496s
   USB Task Finished! Spent Time: 8.81s
   Device is Pullouted.

< 17-10-16 11:01:30 >==============================================
Device is Inserted On Driver : [Hub1 Port7] [VER:0, SN:6&263db468&0#{53]
   Begin the USB Task...
   Step 1 disable...
   Begin Step 2... Action: Write, Chip: RAM, Address: 0xF8002000, File: F:\work\item\7625\v032\program\Tools\G+CodePacker 1.0.9 Patch 001\USBMassProductionTool/code/gp15b_ispbin.bin
   Step 2 - Start Time : 2017/10/16 AM 11:01:34:100
   Step 2 - End Time : 2017/10/16 AM 11:01:34:107
   Step 2 ok! Spent Time: 0.0s
   Begin Step 3... Action: Jump to Function, Chip: RAM, Address: 0xF8002000
   Step 3 - Start Time : 2017/10/16 AM 11:01:34:107
   Step 3 - End Time : 2017/10/16 AM 11:01:34:108
   Step 3 ok! Spent Time: 0.0s
   Begin Step 4... Action: Erase, Chip: SPI Nor Flash, Address: 0x0000, Length: 40
   Step 4 - Start Time : 2017/10/16 AM 11:01:34:108
   Step 4 - End Time : 2017/10/16 AM 11:01:39:668
   Step 4 ok! Spent Time: 5.554s
   Begin Step 5... Action: Write, Chip: SPI Nor Flash, Address: 0x0000, File: F:\work\item\7625\v032\program\Tools/gpcv1248_spifc_pack_/cb_result.bin
   Step 5 - Start Time : 2017/10/16 AM 11:01:39:668
   Step 5 - End Time : 2017/10/16 AM 11:01:42:70
   Step 5 ok! Spent Time: 2.402s
   USB Task Finished! Spent Time: 7.956s
   Device is Pullouted.
