
< 17-08-24 08:58:25 >==============================================
Device is Inserted On Driver : [Hub1 Port7] [VER:0, SN:6&22245a72&0#{53]
   Begin the USB Task...
   Step 1 disable...
   Begin Step 2... Action: Write, Chip: RAM, Address: 0xF8002000, File: F:\work\item\7625\v031\program\Tools\G+CodePacker 1.0.9 Patch 001\USBMassProductionTool/code/gp15b_ispbin.bin
   Step 2 - Start Time : 2017/08/24 AM 08:58:29:462
   Step 2 - End Time : 2017/08/24 AM 08:58:29:462
   Step 2 ok! Spent Time: 0.0s
   Begin Step 3... Action: Jump to Function, Chip: RAM, Address: 0xF8002000
   Step 3 - Start Time : 2017/08/24 AM 08:58:29:462
   Step 3 - End Time : 2017/08/24 AM 08:58:29:462
   Step 3 ok! Spent Time: 0.0s
   Begin Step 4... Action: Erase, Chip: SPI Nor Flash, Address: 0x0000, Length: 40
   Step 4 - Start Time : 2017/08/24 AM 08:58:29:462
   Step 4 - End Time : 2017/08/24 AM 08:58:29:742
   Step 4 ok! Spent Time: 0.281s
   Begin Step 5... Action: Write, Chip: SPI Nor Flash, Address: 0x0000, File: F:\work\item\7625\v031\program\Tools/gpcv1248_spifc_pack_/cb_result.bin
   Step 5 - Start Time : 2017/08/24 AM 08:58:29:742
   Step 5 - End Time : 2017/08/24 AM 08:58:33:330
   Step 5 ok! Spent Time: 3.588s
   USB Task Finished! Spent Time: 3.884s
   Device is Pullouted.

< 17-08-24 09:00:11 >==============================================
Device is Inserted On Driver : [Hub1 Port7] [VER:0, SN:6&45dc40a&0#{53f]
   Device is Pullouted.

< 17-08-24 09:00:37 >==============================================
Device is Inserted On Driver : [Hub1 Port7] [VER:0, SN:6&45dc40a&0#{53f]
   Device is Pullouted.

< 17-08-24 09:01:08 >==============================================
Device is Inserted On Driver : [Hub1 Port7] [VER:0, SN:6&45dc40a&0#{53f]
   Device is Pullouted.

< 17-08-24 09:06:17 >==============================================
Device is Inserted On Driver : [Hub1 Port7] [VER:0, SN:6&22245a72&0#{53]
   Begin the USB Task...
   Step 1 disable...
   Begin Step 2... Action: Write, Chip: RAM, Address: 0xF8002000, File: F:\work\item\7625\v031\program\Tools\G+CodePacker 1.0.9 Patch 001\USBMassProductionTool/code/gp15b_ispbin.bin
   Step 2 - Start Time : 2017/08/24 AM 09:06:20:783
   Step 2 - End Time : 2017/08/24 AM 09:06:20:783
   Step 2 ok! Spent Time: 0.0s
   Begin Step 3... Action: Jump to Function, Chip: RAM, Address: 0xF8002000
   Step 3 - Start Time : 2017/08/24 AM 09:06:20:783
   Step 3 - End Time : 2017/08/24 AM 09:06:20:783
   Step 3 ok! Spent Time: 0.0s
   Begin Step 4... Action: Erase, Chip: SPI Nor Flash, Address: 0x0000, Length: 40
   Step 4 - Start Time : 2017/08/24 AM 09:06:20:783
   Step 4 - End Time : 2017/08/24 AM 09:06:21:79
   Step 4 ok! Spent Time: 0.297s
   Begin Step 5... Action: Write, Chip: SPI Nor Flash, Address: 0x0000, File: F:\work\item\7625\v031\program\Tools/gpcv1248_spifc_pack_/cb_result.bin
   Step 5 - Start Time : 2017/08/24 AM 09:06:21:79
   Step 5 - End Time : 2017/08/24 AM 09:06:24:683
   Step 5 ok! Spent Time: 3.603s
   USB Task Finished! Spent Time: 3.900s
   Device is Pullouted.

< 17-08-24 09:06:38 >==============================================
Device is Inserted On Driver : [Hub1 Port7] [VER:0, SN:6&45dc40a&0#{53f]
   Device is Pullouted.

< 17-08-24 09:11:47 >==============================================
Device is Inserted On Driver : [Hub1 Port7] [VER:0, SN:6&22245a72&0#{53]
   Begin the USB Task...
   Step 1 disable...
   Begin Step 2... Action: Write, Chip: RAM, Address: 0xF8002000, File: F:\work\item\7625\v031\program\Tools\G+CodePacker 1.0.9 Patch 001\USBMassProductionTool/code/gp15b_ispbin.bin
   Step 2 - Start Time : 2017/08/24 AM 09:11:49:981
   Step 2 - End Time : 2017/08/24 AM 09:11:49:981
   Step 2 ok! Spent Time: 0.0s
   Begin Step 3... Action: Jump to Function, Chip: RAM, Address: 0xF8002000
   Step 3 - Start Time : 2017/08/24 AM 09:11:49:981
   Step 3 - End Time : 2017/08/24 AM 09:11:49:981
   Step 3 ok! Spent Time: 0.0s
   Begin Step 4... Action: Erase, Chip: SPI Nor Flash, Address: 0x0000, Length: 40
   Step 4 - Start Time : 2017/08/24 AM 09:11:49:981
   Step 4 - End Time : 2017/08/24 AM 09:11:50:278
   Step 4 ok! Spent Time: 0.297s
   Begin Step 5... Action: Write, Chip: SPI Nor Flash, Address: 0x0000, File: F:\work\item\7625\v031\program\Tools/gpcv1248_spifc_pack_/cb_result.bin
   Step 5 - Start Time : 2017/08/24 AM 09:11:50:278
   Step 5 - End Time : 2017/08/24 AM 09:11:53:850
   Step 5 ok! Spent Time: 3.572s
   USB Task Finished! Spent Time: 3.869s
   Device is Pullouted.

< 17-08-24 09:12:29 >==============================================
Device is Inserted On Driver : [Hub1 Port7] [VER:0, SN:6&45dc40a&0#{53f]
   Device is Pullouted.

< 17-08-24 09:13:52 >==============================================
Device is Inserted On Driver : [Hub1 Port7] [VER:0, SN:6&22245a72&0#{53]
   Begin the USB Task...
   Step 1 disable...
   Begin Step 2... Action: Write, Chip: RAM, Address: 0xF8002000, File: F:\work\item\7625\v031\program\Tools\G+CodePacker 1.0.9 Patch 001\USBMassProductionTool/code/gp15b_ispbin.bin
   Step 2 - Start Time : 2017/08/24 AM 09:13:58:927
   Step 2 - End Time : 2017/08/24 AM 09:13:58:927
   Step 2 ok! Spent Time: 0.0s
   Begin Step 3... Action: Jump to Function, Chip: RAM, Address: 0xF8002000
   Step 3 - Start Time : 2017/08/24 AM 09:13:58:927
   Step 3 - End Time : 2017/08/24 AM 09:13:58:927
   Step 3 ok! Spent Time: 0.0s
   Begin Step 4... Action: Erase, Chip: SPI Nor Flash, Address: 0x0000, Length: 40
   Step 4 - Start Time : 2017/08/24 AM 09:13:58:927
   Step 4 - End Time : 2017/08/24 AM 09:13:59:208
   Step 4 ok! Spent Time: 0.281s
   Begin Step 5... Action: Write, Chip: SPI Nor Flash, Address: 0x0000, File: F:\work\item\7625\v031\program\Tools/gpcv1248_spifc_pack_/cb_result.bin
   Step 5 - Start Time : 2017/08/24 AM 09:13:59:208
   Step 5 - End Time : 2017/08/24 AM 09:14:02:812
   Step 5 ok! Spent Time: 3.603s
   USB Task Finished! Spent Time: 3.884s
   Device is Pullouted.

< 17-08-24 09:14:29 >==============================================
Device is Inserted On Driver : [Hub1 Port7] [VER:0, SN:6&45dc40a&0#{53f]
   Device is Pullouted.

< 17-08-24 09:17:11 >==============================================
Device is Inserted On Driver : [Hub1 Port7] [VER:0, SN:6&22245a72&0#{53]
   Begin the USB Task...
   Step 1 disable...
   Begin Step 2... Action: Write, Chip: RAM, Address: 0xF8002000, File: F:\work\item\7625\v031\program\Tools\G+CodePacker 1.0.9 Patch 001\USBMassProductionTool/code/gp15b_ispbin.bin
   Step 2 - Start Time : 2017/08/24 AM 09:17:15:382
   Step 2 - End Time : 2017/08/24 AM 09:17:15:398
   Step 2 ok! Spent Time: 0.15s
   Begin Step 3... Action: Jump to Function, Chip: RAM, Address: 0xF8002000
   Step 3 - Start Time : 2017/08/24 AM 09:17:15:398
   Step 3 - End Time : 2017/08/24 AM 09:17:15:398
   Step 3 ok! Spent Time: 0.0s
   Begin Step 4... Action: Erase, Chip: SPI Nor Flash, Address: 0x0000, Length: 40
   Step 4 - Start Time : 2017/08/24 AM 09:17:15:398
   Step 4 - End Time : 2017/08/24 AM 09:17:15:678
   Step 4 ok! Spent Time: 0.281s
   Begin Step 5... Action: Write, Chip: SPI Nor Flash, Address: 0x0000, File: F:\work\item\7625\v031\program\Tools/gpcv1248_spifc_pack_/cb_result.bin
   Step 5 - Start Time : 2017/08/24 AM 09:17:15:678
   Step 5 - End Time : 2017/08/24 AM 09:17:19:298
   Step 5 ok! Spent Time: 3.619s
   USB Task Finished! Spent Time: 3.915s
   Device is Pullouted.

< 17-08-24 09:17:29 >==============================================
Device is Inserted On Driver : [Hub1 Port7] [VER:0, SN:6&45dc40a&0#{53f]
   Device is Pullouted.
