
< 17-08-22 17:29:48 >==============================================
Device is Inserted On Driver : [Hub1 Port7] [VER:0, SN:6&22245a72&0#{53]
   Begin the USB Task...
   Step 1 disable...
   Begin Step 2... Action: Write, Chip: RAM, Address: 0xF8002000, File: F:\work\item\7625\v031\program\Tools\G+CodePacker 1.0.9 Patch 001\USBMassProductionTool/code/gp15b_ispbin.bin
   Step 2 - Start Time : 2017/08/22 PM 05:29:52:220
   Step 2 - End Time : 2017/08/22 PM 05:29:52:227
   Step 2 ok! Spent Time: 0.0s
   Begin Step 3... Action: Jump to Function, Chip: RAM, Address: 0xF8002000
   Step 3 - Start Time : 2017/08/22 PM 05:29:52:227
   Step 3 - End Time : 2017/08/22 PM 05:29:52:228
   Step 3 ok! Spent Time: 0.0s
   Begin Step 4... Action: Erase, Chip: SPI Nor Flash, Address: 0x0000, Length: 40
   Step 4 - Start Time : 2017/08/22 PM 05:29:52:228
   Step 4 - End Time : 2017/08/22 PM 05:29:52:539
   Step 4 ok! Spent Time: 0.312s
   Begin Step 5... Action: Write, Chip: SPI Nor Flash, Address: 0x0000, File: F:\work\item\7625\v031\program\Tools/gpcv1248_spifc_pack_/cb_result.bin
   Step 5 - Start Time : 2017/08/22 PM 05:29:52:539
   Step 5 - End Time : 2017/08/22 PM 05:29:56:256
   Step 5 ok! Spent Time: 3.728s
   USB Task Finished! Spent Time: 4.40s
   Device is Pullouted.

< 17-08-22 17:30:18 >==============================================
Device is Inserted On Driver : [Hub1 Port7] [VER:0, SN:6&45dc40a&0#{53f]
   Device is Pullouted.

< 17-08-22 17:31:29 >==============================================
Device is Inserted On Driver : [Hub1 Port7] [VER:0, SN:6&45dc40a&0#{53f]
   Device is Pullouted.

< 17-08-22 17:31:43 >==============================================
Device is Inserted On Driver : [Hub1 Port7] [VER:0, SN:6&45dc40a&0#{53f]
   Device is Pullouted.

< 17-08-22 17:45:29 >==============================================
Device is Inserted On Driver : [Hub1 Port7] [VER:0, SN:6&22245a72&0#{53]
   Begin the USB Task...
   Step 1 disable...
   Begin Step 2... Action: Write, Chip: RAM, Address: 0xF8002000, File: F:\work\item\7625\v031\program\Tools\G+CodePacker 1.0.9 Patch 001\USBMassProductionTool/code/gp15b_ispbin.bin
   Step 2 - Start Time : 2017/08/22 PM 05:45:35:154
   Step 2 - End Time : 2017/08/22 PM 05:45:35:161
   Step 2 ok! Spent Time: 0.0s
   Begin Step 3... Action: Jump to Function, Chip: RAM, Address: 0xF8002000
   Step 3 - Start Time : 2017/08/22 PM 05:45:35:161
   Step 3 - End Time : 2017/08/22 PM 05:45:35:162
   Step 3 ok! Spent Time: 0.16s
   Begin Step 4... Action: Erase, Chip: SPI Nor Flash, Address: 0x0000, Length: 40
   Step 4 - Start Time : 2017/08/22 PM 05:45:35:162
   Step 4 - End Time : 2017/08/22 PM 05:45:35:474
   Step 4 ok! Spent Time: 0.312s
   Begin Step 5... Action: Write, Chip: SPI Nor Flash, Address: 0x0000, File: F:\work\item\7625\v031\program\Tools/gpcv1248_spifc_pack_/cb_result.bin
   Step 5 - Start Time : 2017/08/22 PM 05:45:35:474
   Step 5 - End Time : 2017/08/22 PM 05:45:39:186
   Step 5 ok! Spent Time: 3.697s
   USB Task Finished! Spent Time: 4.40s
   Device is Pullouted.

< 17-08-22 17:46:25 >==============================================
Device is Inserted On Driver : [Hub1 Port7] [VER:0, SN:6&45dc40a&0#{53f]
   Device is Pullouted.

< 17-08-22 18:26:34 >==============================================
Device is Inserted On Driver : [Hub1 Port7] [VER:0, SN:6&22245a72&0#{53]
   Begin the USB Task...
   Step 1 disable...
   Begin Step 2... Action: Write, Chip: RAM, Address: 0xF8002000, File: F:\work\item\7625\v031\program\Tools\G+CodePacker 1.0.9 Patch 001\USBMassProductionTool/code/gp15b_ispbin.bin
   Step 2 - Start Time : 2017/08/22 PM 06:26:41:20
   Step 2 - End Time : 2017/08/22 PM 06:26:41:26
   Step 2 ok! Spent Time: 0.16s
   Begin Step 3... Action: Jump to Function, Chip: RAM, Address: 0xF8002000
   Step 3 - Start Time : 2017/08/22 PM 06:26:41:27
   Step 3 - End Time : 2017/08/22 PM 06:26:41:27
   Step 3 ok! Spent Time: 0.0s
   Begin Step 4... Action: Erase, Chip: SPI Nor Flash, Address: 0x0000, Length: 40
   Step 4 - Start Time : 2017/08/22 PM 06:26:41:28
   Step 4 - End Time : 2017/08/22 PM 06:26:41:337
   Step 4 ok! Spent Time: 0.312s
   Begin Step 5... Action: Write, Chip: SPI Nor Flash, Address: 0x0000, File: F:\work\item\7625\v031\program\Tools/gpcv1248_spifc_pack_/cb_result.bin
   Step 5 - Start Time : 2017/08/22 PM 06:26:41:337
   Step 5 - End Time : 2017/08/22 PM 06:26:45:46
   Step 5 ok! Spent Time: 3.697s
   USB Task Finished! Spent Time: 4.25s
   Device is Pullouted.

< 17-08-22 18:40:37 >==============================================
Device is Inserted On Driver : [Hub1 Port7] [VER:0, SN:6&22245a72&0#{53]
   Begin the USB Task...
   Step 1 disable...
   Begin Step 2... Action: Write, Chip: RAM, Address: 0xF8002000, File: F:\work\item\7625\v031\program\Tools\G+CodePacker 1.0.9 Patch 001\USBMassProductionTool/code/gp15b_ispbin.bin
   Step 2 - Start Time : 2017/08/22 PM 06:40:41:941
   Step 2 - End Time : 2017/08/22 PM 06:40:41:948
   Step 2 ok! Spent Time: 0.16s
   Begin Step 3... Action: Jump to Function, Chip: RAM, Address: 0xF8002000
   Step 3 - Start Time : 2017/08/22 PM 06:40:41:948
   Step 3 - End Time : 2017/08/22 PM 06:40:41:948
   Step 3 ok! Spent Time: 0.0s
   Begin Step 4... Action: Erase, Chip: SPI Nor Flash, Address: 0x0000, Length: 40
   Step 4 - Start Time : 2017/08/22 PM 06:40:41:949
   Step 4 - End Time : 2017/08/22 PM 06:40:42:255
   Step 4 ok! Spent Time: 0.296s
   Begin Step 5... Action: Write, Chip: SPI Nor Flash, Address: 0x0000, File: F:\work\item\7625\v031\program\Tools/gpcv1248_spifc_pack_/cb_result.bin
   Step 5 - Start Time : 2017/08/22 PM 06:40:42:255
   Step 5 - End Time : 2017/08/22 PM 06:40:45:932
   Step 5 ok! Spent Time: 3.682s
   USB Task Finished! Spent Time: 3.994s
   Device is Pullouted.

< 17-08-22 18:45:49 >==============================================
Device is Inserted On Driver : [Hub1 Port7] [VER:0, SN:6&22245a72&0#{53]
   Begin the USB Task...
   Step 1 disable...
   Begin Step 2... Action: Write, Chip: RAM, Address: 0xF8002000, File: F:\work\item\7625\v031\program\Tools\G+CodePacker 1.0.9 Patch 001\USBMassProductionTool/code/gp15b_ispbin.bin
   Step 2 - Start Time : 2017/08/22 PM 06:45:53:509
   Step 2 - End Time : 2017/08/22 PM 06:45:53:516
   Step 2 ok! Spent Time: 0.15s
   Begin Step 3... Action: Jump to Function, Chip: RAM, Address: 0xF8002000
   Step 3 - Start Time : 2017/08/22 PM 06:45:53:517
   Step 3 - End Time : 2017/08/22 PM 06:45:53:517
   Step 3 ok! Spent Time: 0.0s
   Begin Step 4... Action: Erase, Chip: SPI Nor Flash, Address: 0x0000, Length: 40
   Step 4 - Start Time : 2017/08/22 PM 06:45:53:518
   Step 4 - End Time : 2017/08/22 PM 06:45:53:828
   Step 4 ok! Spent Time: 0.312s
   Begin Step 5... Action: Write, Chip: SPI Nor Flash, Address: 0x0000, File: F:\work\item\7625\v031\program\Tools/gpcv1248_spifc_pack_/cb_result.bin
   Step 5 - Start Time : 2017/08/22 PM 06:45:53:829
   Step 5 - End Time : 2017/08/22 PM 06:45:57:515
   Step 5 ok! Spent Time: 3.682s
   USB Task Finished! Spent Time: 4.9s
   Device is Pullouted.

< 17-08-22 18:49:07 >==============================================
Device is Inserted On Driver : [Hub1 Port7] [VER:0, SN:6&45dc40a&0#{53f]
   Device is Pullouted.

< 17-08-22 18:50:34 >==============================================
Device is Inserted On Driver : [Hub1 Port7] [VER:0, SN:6&45dc40a&0#{53f]
   Device is Pullouted.

< 17-08-22 18:51:02 >==============================================
Device is Inserted On Driver : [Hub1 Port7] [VER:0, SN:6&45dc40a&0#{53f]
   Device is Pullouted.
